Traceback (most recent call last):
  File "/Users/mac/PycharmProjects/pythonProject1/学习/文件读写/6 sys模块（标准输入、输出）.py", line 21, in <module>
    print(a)
NameError: name 'a' is not defined
Traceback (most recent call last):
  File "/Users/mac/PycharmProjects/pythonProject1/学习/文件读写/6 sys模块（标准输入、输出）.py", line 21, in <module>
    print(a) #已经将错误写入到错误日志中
NameError: name 'a' is not defined
Traceback (most recent call last):
  File "/Users/mac/PycharmProjects/pythonProject1/学习/文件读写/6 sys模块（标准输入、输出）.py", line 21, in <module>
    print(a) #已经将错误写入到错误日志中
NameError: name 'a' is not defined
Traceback (most recent call last):
  File "/Users/mac/PycharmProjects/pythonProject1/学习/文件读写/6 sys模块（标准输入、输出）.py", line 21, in <module>
    print(a) #已经将错误写入到错误日志中
NameError: name 'a' is not defined
Traceback (most recent call last):
  File "/Users/mac/PycharmProjects/pythonProject1/学习/文件读写/6 sys模块（标准输入、输出）.py", line 22, in <module>
    print(1/0)
ZeroDivisionError: division by zero
